<?xml version="1.0" encoding="UTF-8"?>
<!-- Generated by org.testng.reporters.JUnitReportReporter -->
<testsuite hostname="DESKTOP-MHLLET6" failures="0" tests="1" name="testcases.TC_004_SearchProductTest" time="24.106" errors="0" timestamp="2023-08-22T11:03:00 SGT" skipped="0">
  <testcase classname="testcases.TC_004_SearchProductTest" name="test_pruductSearch" time="24.106"/>
</testsuite> <!-- testcases.TC_004_SearchProductTest -->
