<?xml version="1.0" encoding="UTF-8"?>
<!-- Generated by org.testng.reporters.JUnitReportReporter -->
<testsuite hostname="DESKTOP-MHLLET6" failures="0" tests="1" name="testcases.TC_001_AccountRegistrationTest" time="1.924" errors="0" timestamp="2023-08-22T10:52:31 SGT" skipped="0">
  <testcase classname="testcases.TC_001_AccountRegistrationTest" name="test_Account_Registration" time="1.924"/>
</testsuite> <!-- testcases.TC_001_AccountRegistrationTest -->
