<?xml version="1.0" encoding="UTF-8"?>
<!-- Generated by org.testng.reporters.JUnitReportReporter -->
<testsuite hostname="DESKTOP-MHLLET6" failures="0" tests="1" name="testcases.TC_002_LoginTest" time="11.265" errors="0" timestamp="2023-08-22T10:52:31 SGT" skipped="0">
  <testcase classname="testcases.TC_002_LoginTest" name="test_login" time="11.265"/>
</testsuite> <!-- testcases.TC_002_LoginTest -->
