<?xml version="1.0" encoding="UTF-8"?>
<!-- Generated by org.testng.reporters.JUnitReportReporter -->
<testsuite hostname="DESKTOP-MHLLET6" failures="0" tests="1" name="testcases.TC_005_AddToCartPageTest" time="22.045" errors="0" timestamp="2023-08-22T11:03:00 SGT" skipped="0">
  <testcase classname="testcases.TC_005_AddToCartPageTest" name="test_addToCart" time="22.045"/>
</testsuite> <!-- testcases.TC_005_AddToCartPageTest -->
