<?xml version="1.0" encoding="UTF-8"?>
<!-- Generated by org.testng.reporters.JUnitReportReporter -->
<testsuite hostname="DESKTOP-MHLLET6" failures="0" tests="5" name="testcases.TC_003_LoginDataDrivenTest" time="55.619" errors="0" timestamp="2023-08-19T09:36:52 SGT" skipped="0">
  <testcase classname="testcases.TC_003_LoginDataDrivenTest" name="test_LoginDDT" time="11.069"/>
  <testcase classname="testcases.TC_003_LoginDataDrivenTest" name="test_LoginDDT" time="10.934"/>
  <testcase classname="testcases.TC_003_LoginDataDrivenTest" name="test_LoginDDT" time="11.610"/>
  <testcase classname="testcases.TC_003_LoginDataDrivenTest" name="test_LoginDDT" time="11.014"/>
  <testcase classname="testcases.TC_003_LoginDataDrivenTest" name="test_LoginDDT" time="10.992"/>
</testsuite> <!-- testcases.TC_003_LoginDataDrivenTest -->
